<?xml version="1.0" encoding="UTF-8"?>
<!-- Generated by org.testng.reporters.JUnitReportReporter -->
<testsuite hostname="DESKTOP-5KEISHG" failures="0" tests="6" name="testCases.TC003_LoginDDT" time="54.775" errors="0" timestamp="2024-09-29T14:53:30 IST" skipped="0">
  <testcase classname="testCases.TC003_LoginDDT" name="verify_loginDDT" time="14.752"/>
  <testcase classname="testCases.TC003_LoginDDT" name="verify_loginDDT" time="16.625"/>
  <testcase classname="testCases.TC003_LoginDDT" name="verify_loginDDT" time="5.977"/>
  <testcase classname="testCases.TC003_LoginDDT" name="verify_loginDDT" time="6.236"/>
  <testcase classname="testCases.TC003_LoginDDT" name="verify_loginDDT" time="5.636"/>
  <testcase classname="testCases.TC003_LoginDDT" name="verify_loginDDT" time="5.549"/>
</testsuite> <!-- testCases.TC003_LoginDDT -->
