<?xml version="1.0" encoding="UTF-8"?>
<!-- Generated by org.testng.reporters.JUnitReportReporter -->
<testsuite hostname="DESKTOP-5KEISHG" failures="0" tests="1" name="pageObjects.AccountRegisterPage" time="0.044" errors="0" timestamp="2024-09-17T13:57:18 IST" skipped="0">
  <testcase classname="pageObjects.AccountRegisterPage" name="f" time="0.044"/>
</testsuite> <!-- pageObjects.AccountRegisterPage -->
